-------------------------------------------------------------------------------
Test set: com.weibo.global.HttpTest
-------------------------------------------------------------------------------
Tests run: 1, Failures: 0, Errors: 1, Skipped: 0, Time elapsed: 0.003 sec <<< FAILURE! - in com.weibo.global.HttpTest
initializationError(com.weibo.global.HttpTest)  Time elapsed: 0 sec  <<< ERROR!
java.lang.Exception: Method testCookieStore2 should have no parameters

