-------------------------------------------------------------------------------
Test set: com.weibo.cases.example.ExampleCookieTest
-------------------------------------------------------------------------------
Tests run: 5, Failures: 1, Errors: 0, Skipped: 0, Time elapsed: 1.247 sec <<< FAILURE! - in com.weibo.cases.example.ExampleCookieTest
changePassword(com.weibo.cases.example.ExampleCookieTest)  Time elapsed: 0.337 sec  <<< FAILURE!
org.junit.ComparisonFailure: ¶Ô±È·µ»Øcode expected:<[0]> but was:<[20001]>
	at com.weibo.cases.example.ExampleCookieTest.changePassword(ExampleCookieTest.java:59)

