<?xml version="1.0" encoding="UTF-8"?>
<testsuite xmlns:xsi="http://www.w3.org/2001/XMLSchema-instance" xsi:schemaLocation="https://maven.apache.org/surefire/maven-surefire-plugin/xsd/surefire-test-report.xsd" name="com.weibo.cases.example.ExampleCookieTest" time="1.247" tests="5" errors="0" skipped="0" failures="1">
  <properties>
[...]
</properties>
  <testcase name="eqauls" classname="com.weibo.cases.example.ExampleCookieTest" time="0.001"/>
  <testcase name="testlogin" classname="com.weibo.cases.example.ExampleCookieTest" time="0.228"/>
  <testcase name="changePassword" classname="com.weibo.cases.example.ExampleCookieTest" time="0.337">
    <failure message="对比返回code expected:&lt;[0]&gt; but was:&lt;[20001]&gt;" type="org.junit.ComparisonFailure"><![CDATA[org.junit.ComparisonFailure: 对比返回code expected:<[0]> but was:<[20001]>
	at com.weibo.cases.example.ExampleCookieTest.changePassword(ExampleCookieTest.java:59)
]]></failure>
    <system-out><![CDATA[localurlhttp://test.teacher.ets100.com:80/teacher/change-password?
curl -u "HGF:111"  "http://test.teacher.ets100.com:80/teacher/change-password?" -d "old_passqord=123456&password=654321&secure_level=1"
{"code":20001,"msg":"old_password","data":{"type":"apiend\\components\\MyException"}}
-----------------------------------------------
code20001msgold_passworddata{type=apiend\components\MyException}
]]></system-out>
  </testcase>
  <testcase name="testClunmList" classname="com.weibo.cases.example.ExampleCookieTest" time="0.132"/>
  <testcase name="testCenter" classname="com.weibo.cases.example.ExampleCookieTest" time="0.126"/>
</testsuite>